<?xml version="1.0" encoding="UTF-8"?>
<testng-results ignored="0" total="1" passed="1" failed="0" skipped="0">
  <reporter-output>
  </reporter-output>
  <suite started-at="2024-07-10T20:42:32 EEST" name="Default suite" finished-at="2024-07-10T20:42:32 EEST" duration-ms="73">
    <groups>
    </groups>
    <test started-at="2024-07-10T20:42:32 EEST" name="Default test" finished-at="2024-07-10T20:42:32 EEST" duration-ms="73">
      <class name="PS1">
        <test-method is-config="true" signature="apple()[pri:0, instance:PS1@4803b726]" started-at="2024-07-10T20:42:32 EEST" name="apple" finished-at="2024-07-10T20:42:32 EEST" duration-ms="12" status="PASS">
          <reporter-output>
          </reporter-output>
        </test-method> <!-- apple -->
        <test-method signature="second()[pri:0, instance:PS1@4803b726]" started-at="2024-07-10T20:42:32 EEST" name="second" finished-at="2024-07-10T20:42:32 EEST" duration-ms="11" status="PASS">
          <reporter-output>
          </reporter-output>
        </test-method> <!-- second -->
        <test-method is-config="true" signature="apple1()[pri:0, instance:PS1@4803b726]" started-at="2024-07-10T20:42:32 EEST" name="apple1" finished-at="2024-07-10T20:42:32 EEST" duration-ms="1" status="PASS">
          <reporter-output>
          </reporter-output>
        </test-method> <!-- apple1 -->
      </class> <!-- PS1 -->
    </test> <!-- Default test -->
  </suite> <!-- Default suite -->
</testng-results>
